<?xml version="1.0" encoding="UTF-8"?>
<testng-results ignored="0" total="8" passed="4" failed="2" skipped="2">
  <reporter-output>
  </reporter-output>
  <suite started-at="2022-11-09T14:48:03 IST" name="RegressionTest" finished-at="2022-11-09T14:48:47 IST" duration-ms="44096">
    <groups>
    </groups>
    <test started-at="2022-11-09T14:48:03 IST" name="ChromeTest" finished-at="2022-11-09T14:48:30 IST" duration-ms="26890">
      <class name="test.VerifyAllumniRegistrationPage">
        <test-method is-config="true" signature="openBrowser(java.lang.String)[pri:0, instance:test.VerifyAllumniRegistrationPage@6356695f]" started-at="2022-11-09T14:48:03 IST" name="openBrowser" finished-at="2022-11-09T14:48:06 IST" duration-ms="3273" status="PASS">
          <params>
            <param index="0">
              <value>
                <![CDATA[Chrome]]>
              </value>
            </param>
          </params>
          <reporter-output>
          </reporter-output>
        </test-method> <!-- openBrowser -->
        <test-method is-config="true" signature="createPOMobjects()[pri:0, instance:test.VerifyAllumniRegistrationPage@6356695f]" started-at="2022-11-09T14:48:06 IST" name="createPOMobjects" finished-at="2022-11-09T14:48:06 IST" duration-ms="43" status="PASS">
          <reporter-output>
          </reporter-output>
        </test-method> <!-- createPOMobjects -->
        <test-method is-config="true" signature="launchURL()[pri:0, instance:test.VerifyAllumniRegistrationPage@6356695f]" started-at="2022-11-09T14:48:06 IST" name="launchURL" finished-at="2022-11-09T14:48:12 IST" duration-ms="5206" status="PASS">
          <reporter-output>
          </reporter-output>
        </test-method> <!-- launchURL -->
        <test-method signature="verifySendButtonFunctionality()[pri:0, instance:test.VerifyAllumniRegistrationPage@6356695f]" started-at="2022-11-09T14:48:12 IST" name="verifySendButtonFunctionality" finished-at="2022-11-09T14:48:15 IST" duration-ms="3556" status="PASS">
          <reporter-output>
          </reporter-output>
        </test-method> <!-- verifySendButtonFunctionality -->
        <test-method is-config="true" signature="gotoToHomePage(org.testng.ITestResult)[pri:0, instance:test.VerifyAllumniRegistrationPage@6356695f]" started-at="2022-11-09T14:48:15 IST" name="gotoToHomePage" finished-at="2022-11-09T14:48:18 IST" duration-ms="2881" status="PASS">
          <params>
            <param index="0">
              <value>
                <![CDATA[[TestResult name=verifySendButtonFunctionality status=SUCCESS method=VerifyAllumniRegistrationPage.verifySendButtonFunctionality()[pri:0, instance:test.VerifyAllumniRegistrationPage@6356695f] output={null}]]]>
              </value>
            </param>
          </params>
          <reporter-output>
          </reporter-output>
        </test-method> <!-- gotoToHomePage -->
        <test-method is-config="true" signature="launchURL()[pri:0, instance:test.VerifyAllumniRegistrationPage@6356695f]" started-at="2022-11-09T14:48:18 IST" name="launchURL" finished-at="2022-11-09T14:48:21 IST" duration-ms="2496" status="PASS">
          <reporter-output>
          </reporter-output>
        </test-method> <!-- launchURL -->
        <test-method signature="verifyResetButtonFunctionality()[pri:1, instance:test.VerifyAllumniRegistrationPage@6356695f]" started-at="2022-11-09T14:48:21 IST" name="verifyResetButtonFunctionality" finished-at="2022-11-09T14:48:23 IST" duration-ms="1978" status="PASS">
          <reporter-output>
          </reporter-output>
        </test-method> <!-- verifyResetButtonFunctionality -->
        <test-method is-config="true" signature="gotoToHomePage(org.testng.ITestResult)[pri:0, instance:test.VerifyAllumniRegistrationPage@6356695f]" started-at="2022-11-09T14:48:23 IST" name="gotoToHomePage" finished-at="2022-11-09T14:48:24 IST" duration-ms="1513" status="PASS">
          <params>
            <param index="0">
              <value>
                <![CDATA[[TestResult name=verifyResetButtonFunctionality status=SUCCESS method=VerifyAllumniRegistrationPage.verifyResetButtonFunctionality()[pri:1, instance:test.VerifyAllumniRegistrationPage@6356695f] output={null}]]]>
              </value>
            </param>
          </params>
          <reporter-output>
          </reporter-output>
        </test-method> <!-- gotoToHomePage -->
        <test-method is-config="true" signature="launchURL()[pri:0, instance:test.VerifyAllumniRegistrationPage@6356695f]" started-at="2022-11-09T14:48:24 IST" name="launchURL" finished-at="2022-11-09T14:48:26 IST" duration-ms="2302" status="PASS">
          <reporter-output>
          </reporter-output>
        </test-method> <!-- launchURL -->
        <test-method signature="verifyMandatoryTextBoxFunctionality()[pri:2, instance:test.VerifyAllumniRegistrationPage@6356695f]" started-at="2022-11-09T14:48:26 IST" name="verifyMandatoryTextBoxFunctionality" finished-at="2022-11-09T14:48:28 IST" duration-ms="1568" status="FAIL">
          <exception class="org.openqa.selenium.NoAlertPresentException">
            <message>
              <![CDATA[no such alert
  (Session info: chrome=107.0.5304.88)
Build info: version: '3.141.59', revision: 'e82be7d358', time: '2018-11-14T08:17:03'
System info: host: 'DESKTOP-HVSQPPC', ip: '192.168.1.3', os.name: 'Windows 10', os.arch: 'amd64', os.version: '10.0', java.version: '17.0.2'
Driver info: org.openqa.selenium.chrome.ChromeDriver
Capabilities {acceptInsecureCerts: false, browserName: chrome, browserVersion: 107.0.5304.88, chrome: {chromedriverVersion: 106.0.5249.61 (511755355844..., userDataDir: C:\Users\HPFOLI~1\AppData\L...}, goog:chromeOptions: {debuggerAddress: localhost:52347}, javascriptEnabled: true, networkConnectionEnabled: false, pageLoadStrategy: normal, platform: WINDOWS, platformName: WINDOWS, proxy: Proxy(), setWindowRect: true, strictFileInteractability: false, timeouts: {implicit: 0, pageLoad: 300000, script: 30000}, unhandledPromptBehavior: dismiss and notify, webauthn:extension:credBlob: true, webauthn:extension:largeBlob: true, webauthn:virtualAuthenticators: true}
Session ID: 66c1c691fa6dd320e7c78b0aba73c66b]]>
            </message>
            <full-stacktrace>
              <![CDATA[org.openqa.selenium.NoAlertPresentException: no such alert
  (Session info: chrome=107.0.5304.88)
Build info: version: '3.141.59', revision: 'e82be7d358', time: '2018-11-14T08:17:03'
System info: host: 'DESKTOP-HVSQPPC', ip: '192.168.1.3', os.name: 'Windows 10', os.arch: 'amd64', os.version: '10.0', java.version: '17.0.2'
Driver info: org.openqa.selenium.chrome.ChromeDriver
Capabilities {acceptInsecureCerts: false, browserName: chrome, browserVersion: 107.0.5304.88, chrome: {chromedriverVersion: 106.0.5249.61 (511755355844..., userDataDir: C:\Users\HPFOLI~1\AppData\L...}, goog:chromeOptions: {debuggerAddress: localhost:52347}, javascriptEnabled: true, networkConnectionEnabled: false, pageLoadStrategy: normal, platform: WINDOWS, platformName: WINDOWS, proxy: Proxy(), setWindowRect: true, strictFileInteractability: false, timeouts: {implicit: 0, pageLoad: 300000, script: 30000}, unhandledPromptBehavior: dismiss and notify, webauthn:extension:credBlob: true, webauthn:extension:largeBlob: true, webauthn:virtualAuthenticators: true}
Session ID: 66c1c691fa6dd320e7c78b0aba73c66b
at java.base/jdk.internal.reflect.NativeConstructorAccessorImpl.newInstance0(Native Method)
at java.base/jdk.internal.reflect.NativeConstructorAccessorImpl.newInstance(NativeConstructorAccessorImpl.java:77)
at java.base/jdk.internal.reflect.DelegatingConstructorAccessorImpl.newInstance(DelegatingConstructorAccessorImpl.java:45)
at java.base/java.lang.reflect.Constructor.newInstanceWithCaller(Constructor.java:499)
at java.base/java.lang.reflect.Constructor.newInstance(Constructor.java:480)
at org.openqa.selenium.remote.http.W3CHttpResponseCodec.createException(W3CHttpResponseCodec.java:187)
at org.openqa.selenium.remote.http.W3CHttpResponseCodec.decode(W3CHttpResponseCodec.java:122)
at org.openqa.selenium.remote.http.W3CHttpResponseCodec.decode(W3CHttpResponseCodec.java:49)
at org.openqa.selenium.remote.HttpCommandExecutor.execute(HttpCommandExecutor.java:158)
at org.openqa.selenium.remote.service.DriverCommandExecutor.execute(DriverCommandExecutor.java:83)
at org.openqa.selenium.remote.RemoteWebDriver.execute(RemoteWebDriver.java:552)
at org.openqa.selenium.remote.RemoteWebDriver.execute(RemoteWebDriver.java:609)
at org.openqa.selenium.remote.RemoteWebDriver$RemoteTargetLocator.alert(RemoteWebDriver.java:932)
at test.VerifyAllumniRegistrationPage.verifyMandatoryTextBoxFunctionality(VerifyAllumniRegistrationPage.java:128)
at java.base/jdk.internal.reflect.NativeMethodAccessorImpl.invoke0(Native Method)
at java.base/jdk.internal.reflect.NativeMethodAccessorImpl.invoke(NativeMethodAccessorImpl.java:77)
at java.base/jdk.internal.reflect.DelegatingMethodAccessorImpl.invoke(DelegatingMethodAccessorImpl.java:43)
at java.base/java.lang.reflect.Method.invoke(Method.java:568)
at org.testng.internal.MethodInvocationHelper.invokeMethod(MethodInvocationHelper.java:133)
at org.testng.internal.TestInvoker.invokeMethod(TestInvoker.java:598)
at org.testng.internal.TestInvoker.invokeTestMethod(TestInvoker.java:173)
at org.testng.internal.MethodRunner.runInSequence(MethodRunner.java:46)
at org.testng.internal.TestInvoker$MethodInvocationAgent.invoke(TestInvoker.java:824)
at org.testng.internal.TestInvoker.invokeTestMethods(TestInvoker.java:146)
at org.testng.internal.TestMethodWorker.invokeTestMethods(TestMethodWorker.java:146)
at org.testng.internal.TestMethodWorker.run(TestMethodWorker.java:128)
at java.base/java.util.ArrayList.forEach(ArrayList.java:1511)
at org.testng.TestRunner.privateRun(TestRunner.java:794)
at org.testng.TestRunner.run(TestRunner.java:596)
at org.testng.SuiteRunner.runTest(SuiteRunner.java:377)
at org.testng.SuiteRunner.access$000(SuiteRunner.java:28)
at org.testng.SuiteRunner$SuiteWorker.run(SuiteRunner.java:418)
at org.testng.internal.thread.ThreadUtil.lambda$execute$0(ThreadUtil.java:64)
at java.base/java.util.concurrent.FutureTask.run(FutureTask.java:264)
at java.base/java.util.concurrent.ThreadPoolExecutor.runWorker(ThreadPoolExecutor.java:1136)
at java.base/java.util.concurrent.ThreadPoolExecutor$Worker.run(ThreadPoolExecutor.java:635)
at java.base/java.lang.Thread.run(Thread.java:833)
]]>
            </full-stacktrace>
          </exception> <!-- org.openqa.selenium.NoAlertPresentException -->
          <reporter-output>
          </reporter-output>
        </test-method> <!-- verifyMandatoryTextBoxFunctionality -->
        <test-method is-config="true" signature="gotoToHomePage(org.testng.ITestResult)[pri:0, instance:test.VerifyAllumniRegistrationPage@6356695f]" started-at="2022-11-09T14:48:28 IST" name="gotoToHomePage" finished-at="2022-11-09T14:48:30 IST" duration-ms="1663" status="PASS">
          <params>
            <param index="0">
              <value>
                <![CDATA[[TestResult name=verifyMandatoryTextBoxFunctionality status=FAILURE method=VerifyAllumniRegistrationPage.verifyMandatoryTextBoxFunctionality()[pri:2, instance:test.VerifyAllumniRegistrationPage@6356695f] output={null}]]]>
              </value>
            </param>
          </params>
          <reporter-output>
          </reporter-output>
        </test-method> <!-- gotoToHomePage -->
        <test-method signature="verifySendButtonFunctionality1()[pri:0, instance:test.VerifyAllumniRegistrationPage@6356695f]" started-at="2022-11-09T14:48:30 IST" name="verifySendButtonFunctionality1" finished-at="2022-11-09T14:48:30 IST" depends-on-methods="test.VerifyAllumniRegistrationPage.verifyMandatoryTextBoxFunctionality" duration-ms="0" status="SKIP">
          <exception class="java.lang.Throwable">
            <message>
              <![CDATA[Method VerifyAllumniRegistrationPage.verifySendButtonFunctionality1()[pri:0, instance:test.VerifyAllumniRegistrationPage@6356695f] depends on not successfully finished methods]]>
            </message>
            <full-stacktrace>
              <![CDATA[java.lang.Throwable: Method VerifyAllumniRegistrationPage.verifySendButtonFunctionality1()[pri:0, instance:test.VerifyAllumniRegistrationPage@6356695f] depends on not successfully finished methods
at org.testng.internal.TestInvoker.invokeTestMethods(TestInvoker.java:102)
at org.testng.internal.TestMethodWorker.invokeTestMethods(TestMethodWorker.java:146)
at org.testng.internal.TestMethodWorker.run(TestMethodWorker.java:128)
at java.base/java.util.ArrayList.forEach(ArrayList.java:1511)
at org.testng.TestRunner.privateRun(TestRunner.java:794)
at org.testng.TestRunner.run(TestRunner.java:596)
at org.testng.SuiteRunner.runTest(SuiteRunner.java:377)
at org.testng.SuiteRunner.access$000(SuiteRunner.java:28)
at org.testng.SuiteRunner$SuiteWorker.run(SuiteRunner.java:418)
at org.testng.internal.thread.ThreadUtil.lambda$execute$0(ThreadUtil.java:64)
at java.base/java.util.concurrent.FutureTask.run(FutureTask.java:264)
at java.base/java.util.concurrent.ThreadPoolExecutor.runWorker(ThreadPoolExecutor.java:1136)
at java.base/java.util.concurrent.ThreadPoolExecutor$Worker.run(ThreadPoolExecutor.java:635)
at java.base/java.lang.Thread.run(Thread.java:833)
]]>
            </full-stacktrace>
          </exception> <!-- java.lang.Throwable -->
          <reporter-output>
          </reporter-output>
        </test-method> <!-- verifySendButtonFunctionality1 -->
        <test-method is-config="true" signature="clearObject()[pri:0, instance:test.VerifyAllumniRegistrationPage@6356695f]" started-at="2022-11-09T14:48:30 IST" name="clearObject" finished-at="2022-11-09T14:48:30 IST" duration-ms="1" status="PASS">
          <reporter-output>
          </reporter-output>
        </test-method> <!-- clearObject -->
        <test-method is-config="true" signature="closeBrowser()[pri:0, instance:test.VerifyAllumniRegistrationPage@6356695f]" started-at="2022-11-09T14:48:30 IST" name="closeBrowser" finished-at="2022-11-09T14:48:30 IST" duration-ms="322" status="PASS">
          <reporter-output>
          </reporter-output>
        </test-method> <!-- closeBrowser -->
      </class> <!-- test.VerifyAllumniRegistrationPage -->
    </test> <!-- ChromeTest -->
    <test started-at="2022-11-09T14:48:03 IST" name="FirefoxTest" finished-at="2022-11-09T14:48:47 IST" duration-ms="44096">
      <class name="test.VerifyAllumniRegistrationPage">
        <test-method is-config="true" signature="openBrowser(java.lang.String)[pri:0, instance:test.VerifyAllumniRegistrationPage@31c88ec8]" started-at="2022-11-09T14:48:03 IST" name="openBrowser" finished-at="2022-11-09T14:48:31 IST" duration-ms="28414" status="PASS">
          <params>
            <param index="0">
              <value>
                <![CDATA[Firefox]]>
              </value>
            </param>
          </params>
          <reporter-output>
          </reporter-output>
        </test-method> <!-- openBrowser -->
        <test-method is-config="true" signature="createPOMobjects()[pri:0, instance:test.VerifyAllumniRegistrationPage@31c88ec8]" started-at="2022-11-09T14:48:31 IST" name="createPOMobjects" finished-at="2022-11-09T14:48:31 IST" duration-ms="2" status="PASS">
          <reporter-output>
          </reporter-output>
        </test-method> <!-- createPOMobjects -->
        <test-method is-config="true" signature="launchURL()[pri:0, instance:test.VerifyAllumniRegistrationPage@31c88ec8]" started-at="2022-11-09T14:48:31 IST" name="launchURL" finished-at="2022-11-09T14:48:34 IST" duration-ms="2961" status="PASS">
          <reporter-output>
          </reporter-output>
        </test-method> <!-- launchURL -->
        <test-method signature="verifySendButtonFunctionality()[pri:0, instance:test.VerifyAllumniRegistrationPage@31c88ec8]" started-at="2022-11-09T14:48:34 IST" name="verifySendButtonFunctionality" finished-at="2022-11-09T14:48:37 IST" duration-ms="2790" status="PASS">
          <reporter-output>
          </reporter-output>
        </test-method> <!-- verifySendButtonFunctionality -->
        <test-method is-config="true" signature="gotoToHomePage(org.testng.ITestResult)[pri:0, instance:test.VerifyAllumniRegistrationPage@31c88ec8]" started-at="2022-11-09T14:48:37 IST" name="gotoToHomePage" finished-at="2022-11-09T14:48:39 IST" duration-ms="1601" status="PASS">
          <params>
            <param index="0">
              <value>
                <![CDATA[[TestResult name=verifySendButtonFunctionality status=SUCCESS method=VerifyAllumniRegistrationPage.verifySendButtonFunctionality()[pri:0, instance:test.VerifyAllumniRegistrationPage@31c88ec8] output={null}]]]>
              </value>
            </param>
          </params>
          <reporter-output>
          </reporter-output>
        </test-method> <!-- gotoToHomePage -->
        <test-method is-config="true" signature="launchURL()[pri:0, instance:test.VerifyAllumniRegistrationPage@31c88ec8]" started-at="2022-11-09T14:48:39 IST" name="launchURL" finished-at="2022-11-09T14:48:40 IST" duration-ms="812" status="PASS">
          <reporter-output>
          </reporter-output>
        </test-method> <!-- launchURL -->
        <test-method signature="verifyResetButtonFunctionality()[pri:1, instance:test.VerifyAllumniRegistrationPage@31c88ec8]" started-at="2022-11-09T14:48:40 IST" name="verifyResetButtonFunctionality" finished-at="2022-11-09T14:48:41 IST" duration-ms="1822" status="PASS">
          <reporter-output>
          </reporter-output>
        </test-method> <!-- verifyResetButtonFunctionality -->
        <test-method is-config="true" signature="gotoToHomePage(org.testng.ITestResult)[pri:0, instance:test.VerifyAllumniRegistrationPage@31c88ec8]" started-at="2022-11-09T14:48:41 IST" name="gotoToHomePage" finished-at="2022-11-09T14:48:42 IST" duration-ms="1009" status="PASS">
          <params>
            <param index="0">
              <value>
                <![CDATA[[TestResult name=verifyResetButtonFunctionality status=SUCCESS method=VerifyAllumniRegistrationPage.verifyResetButtonFunctionality()[pri:1, instance:test.VerifyAllumniRegistrationPage@31c88ec8] output={null}]]]>
              </value>
            </param>
          </params>
          <reporter-output>
          </reporter-output>
        </test-method> <!-- gotoToHomePage -->
        <test-method is-config="true" signature="launchURL()[pri:0, instance:test.VerifyAllumniRegistrationPage@31c88ec8]" started-at="2022-11-09T14:48:42 IST" name="launchURL" finished-at="2022-11-09T14:48:44 IST" duration-ms="1143" status="PASS">
          <reporter-output>
          </reporter-output>
        </test-method> <!-- launchURL -->
        <test-method signature="verifyMandatoryTextBoxFunctionality()[pri:2, instance:test.VerifyAllumniRegistrationPage@31c88ec8]" started-at="2022-11-09T14:48:44 IST" name="verifyMandatoryTextBoxFunctionality" finished-at="2022-11-09T14:48:45 IST" duration-ms="1237" status="FAIL">
          <exception class="org.openqa.selenium.NoAlertPresentException">
            <message>
              <![CDATA[
Build info: version: '3.141.59', revision: 'e82be7d358', time: '2018-11-14T08:17:03'
System info: host: 'DESKTOP-HVSQPPC', ip: '192.168.1.3', os.name: 'Windows 10', os.arch: 'amd64', os.version: '10.0', java.version: '17.0.2'
Driver info: org.openqa.selenium.firefox.FirefoxDriver
Capabilities {acceptInsecureCerts: true, browserName: firefox, browserVersion: 106.0.5, javascriptEnabled: true, moz:accessibilityChecks: false, moz:buildID: 20221104133228, moz:geckodriverVersion: 0.31.0, moz:headless: false, moz:platformVersion: 10.0, moz:processID: 14768, moz:profile: C:\Users\HPFOLI~1\AppData\L..., moz:shutdownTimeout: 60000, moz:useNonSpecCompliantPointerOrigin: false, moz:webdriverClick: true, moz:windowless: false, pageLoadStrategy: normal, platform: WINDOWS, platformName: WINDOWS, proxy: Proxy(), setWindowRect: true, strictFileInteractability: false, timeouts: {implicit: 0, pageLoad: 300000, script: 30000}, unhandledPromptBehavior: dismiss and notify}
Session ID: 5c7ce4b5-ea4f-4122-865c-10517da7fd48]]>
            </message>
            <full-stacktrace>
              <![CDATA[org.openqa.selenium.NoAlertPresentException: 
Build info: version: '3.141.59', revision: 'e82be7d358', time: '2018-11-14T08:17:03'
System info: host: 'DESKTOP-HVSQPPC', ip: '192.168.1.3', os.name: 'Windows 10', os.arch: 'amd64', os.version: '10.0', java.version: '17.0.2'
Driver info: org.openqa.selenium.firefox.FirefoxDriver
Capabilities {acceptInsecureCerts: true, browserName: firefox, browserVersion: 106.0.5, javascriptEnabled: true, moz:accessibilityChecks: false, moz:buildID: 20221104133228, moz:geckodriverVersion: 0.31.0, moz:headless: false, moz:platformVersion: 10.0, moz:processID: 14768, moz:profile: C:\Users\HPFOLI~1\AppData\L..., moz:shutdownTimeout: 60000, moz:useNonSpecCompliantPointerOrigin: false, moz:webdriverClick: true, moz:windowless: false, pageLoadStrategy: normal, platform: WINDOWS, platformName: WINDOWS, proxy: Proxy(), setWindowRect: true, strictFileInteractability: false, timeouts: {implicit: 0, pageLoad: 300000, script: 30000}, unhandledPromptBehavior: dismiss and notify}
Session ID: 5c7ce4b5-ea4f-4122-865c-10517da7fd48
at java.base/jdk.internal.reflect.NativeConstructorAccessorImpl.newInstance0(Native Method)
at java.base/jdk.internal.reflect.NativeConstructorAccessorImpl.newInstance(NativeConstructorAccessorImpl.java:77)
at java.base/jdk.internal.reflect.DelegatingConstructorAccessorImpl.newInstance(DelegatingConstructorAccessorImpl.java:45)
at java.base/java.lang.reflect.Constructor.newInstanceWithCaller(Constructor.java:499)
at java.base/java.lang.reflect.Constructor.newInstance(Constructor.java:480)
at org.openqa.selenium.remote.http.W3CHttpResponseCodec.createException(W3CHttpResponseCodec.java:187)
at org.openqa.selenium.remote.http.W3CHttpResponseCodec.decode(W3CHttpResponseCodec.java:122)
at org.openqa.selenium.remote.http.W3CHttpResponseCodec.decode(W3CHttpResponseCodec.java:49)
at org.openqa.selenium.remote.HttpCommandExecutor.execute(HttpCommandExecutor.java:158)
at org.openqa.selenium.remote.service.DriverCommandExecutor.execute(DriverCommandExecutor.java:83)
at org.openqa.selenium.remote.RemoteWebDriver.execute(RemoteWebDriver.java:552)
at org.openqa.selenium.remote.RemoteWebDriver.execute(RemoteWebDriver.java:609)
at org.openqa.selenium.remote.RemoteWebDriver$RemoteTargetLocator.alert(RemoteWebDriver.java:932)
at test.VerifyAllumniRegistrationPage.verifyMandatoryTextBoxFunctionality(VerifyAllumniRegistrationPage.java:128)
at java.base/jdk.internal.reflect.NativeMethodAccessorImpl.invoke0(Native Method)
at java.base/jdk.internal.reflect.NativeMethodAccessorImpl.invoke(NativeMethodAccessorImpl.java:77)
at java.base/jdk.internal.reflect.DelegatingMethodAccessorImpl.invoke(DelegatingMethodAccessorImpl.java:43)
at java.base/java.lang.reflect.Method.invoke(Method.java:568)
at org.testng.internal.MethodInvocationHelper.invokeMethod(MethodInvocationHelper.java:133)
at org.testng.internal.TestInvoker.invokeMethod(TestInvoker.java:598)
at org.testng.internal.TestInvoker.invokeTestMethod(TestInvoker.java:173)
at org.testng.internal.MethodRunner.runInSequence(MethodRunner.java:46)
at org.testng.internal.TestInvoker$MethodInvocationAgent.invoke(TestInvoker.java:824)
at org.testng.internal.TestInvoker.invokeTestMethods(TestInvoker.java:146)
at org.testng.internal.TestMethodWorker.invokeTestMethods(TestMethodWorker.java:146)
at org.testng.internal.TestMethodWorker.run(TestMethodWorker.java:128)
at java.base/java.util.ArrayList.forEach(ArrayList.java:1511)
at org.testng.TestRunner.privateRun(TestRunner.java:794)
at org.testng.TestRunner.run(TestRunner.java:596)
at org.testng.SuiteRunner.runTest(SuiteRunner.java:377)
at org.testng.SuiteRunner.access$000(SuiteRunner.java:28)
at org.testng.SuiteRunner$SuiteWorker.run(SuiteRunner.java:418)
at org.testng.internal.thread.ThreadUtil.lambda$execute$0(ThreadUtil.java:64)
at java.base/java.util.concurrent.FutureTask.run(FutureTask.java:264)
at java.base/java.util.concurrent.ThreadPoolExecutor.runWorker(ThreadPoolExecutor.java:1136)
at java.base/java.util.concurrent.ThreadPoolExecutor$Worker.run(ThreadPoolExecutor.java:635)
at java.base/java.lang.Thread.run(Thread.java:833)
]]>
            </full-stacktrace>
          </exception> <!-- org.openqa.selenium.NoAlertPresentException -->
          <reporter-output>
          </reporter-output>
        </test-method> <!-- verifyMandatoryTextBoxFunctionality -->
        <test-method is-config="true" signature="gotoToHomePage(org.testng.ITestResult)[pri:0, instance:test.VerifyAllumniRegistrationPage@31c88ec8]" started-at="2022-11-09T14:48:45 IST" name="gotoToHomePage" finished-at="2022-11-09T14:48:46 IST" duration-ms="1251" status="PASS">
          <params>
            <param index="0">
              <value>
                <![CDATA[[TestResult name=verifyMandatoryTextBoxFunctionality status=FAILURE method=VerifyAllumniRegistrationPage.verifyMandatoryTextBoxFunctionality()[pri:2, instance:test.VerifyAllumniRegistrationPage@31c88ec8] output={null}]]]>
              </value>
            </param>
          </params>
          <reporter-output>
          </reporter-output>
        </test-method> <!-- gotoToHomePage -->
        <test-method signature="verifySendButtonFunctionality1()[pri:0, instance:test.VerifyAllumniRegistrationPage@31c88ec8]" started-at="2022-11-09T14:48:46 IST" name="verifySendButtonFunctionality1" finished-at="2022-11-09T14:48:46 IST" depends-on-methods="test.VerifyAllumniRegistrationPage.verifyMandatoryTextBoxFunctionality" duration-ms="0" status="SKIP">
          <exception class="java.lang.Throwable">
            <message>
              <![CDATA[Method VerifyAllumniRegistrationPage.verifySendButtonFunctionality1()[pri:0, instance:test.VerifyAllumniRegistrationPage@31c88ec8] depends on not successfully finished methods]]>
            </message>
            <full-stacktrace>
              <![CDATA[java.lang.Throwable: Method VerifyAllumniRegistrationPage.verifySendButtonFunctionality1()[pri:0, instance:test.VerifyAllumniRegistrationPage@31c88ec8] depends on not successfully finished methods
at org.testng.internal.TestInvoker.invokeTestMethods(TestInvoker.java:102)
at org.testng.internal.TestMethodWorker.invokeTestMethods(TestMethodWorker.java:146)
at org.testng.internal.TestMethodWorker.run(TestMethodWorker.java:128)
at java.base/java.util.ArrayList.forEach(ArrayList.java:1511)
at org.testng.TestRunner.privateRun(TestRunner.java:794)
at org.testng.TestRunner.run(TestRunner.java:596)
at org.testng.SuiteRunner.runTest(SuiteRunner.java:377)
at org.testng.SuiteRunner.access$000(SuiteRunner.java:28)
at org.testng.SuiteRunner$SuiteWorker.run(SuiteRunner.java:418)
at org.testng.internal.thread.ThreadUtil.lambda$execute$0(ThreadUtil.java:64)
at java.base/java.util.concurrent.FutureTask.run(FutureTask.java:264)
at java.base/java.util.concurrent.ThreadPoolExecutor.runWorker(ThreadPoolExecutor.java:1136)
at java.base/java.util.concurrent.ThreadPoolExecutor$Worker.run(ThreadPoolExecutor.java:635)
at java.base/java.lang.Thread.run(Thread.java:833)
]]>
            </full-stacktrace>
          </exception> <!-- java.lang.Throwable -->
          <reporter-output>
          </reporter-output>
        </test-method> <!-- verifySendButtonFunctionality1 -->
        <test-method is-config="true" signature="clearObject()[pri:0, instance:test.VerifyAllumniRegistrationPage@31c88ec8]" started-at="2022-11-09T14:48:46 IST" name="clearObject" finished-at="2022-11-09T14:48:46 IST" duration-ms="1" status="PASS">
          <reporter-output>
          </reporter-output>
        </test-method> <!-- clearObject -->
        <test-method is-config="true" signature="closeBrowser()[pri:0, instance:test.VerifyAllumniRegistrationPage@31c88ec8]" started-at="2022-11-09T14:48:46 IST" name="closeBrowser" finished-at="2022-11-09T14:48:47 IST" duration-ms="1032" status="PASS">
          <reporter-output>
          </reporter-output>
        </test-method> <!-- closeBrowser -->
      </class> <!-- test.VerifyAllumniRegistrationPage -->
    </test> <!-- FirefoxTest -->
  </suite> <!-- RegressionTest -->
</testng-results>
